<?xml version="1.0" encoding="UTF-8"?>
<testsuite name="BagMainTest" tests="3" skipped="0" failures="0" errors="0" timestamp="2022-10-10T04:16:05" hostname="Linas-MacBook-Air.local" time="0.021">
  <properties/>
  <testcase name="TestEnhanceBagsTrue" classname="BagMainTest" time="0.019"/>
  <testcase name="TestCountCrossbodyStraps" classname="BagMainTest" time="0.002"/>
  <testcase name="TestEnhanceBagsFalse" classname="BagMainTest" time="0.0"/>
  <system-out><![CDATA[]]></system-out>
  <system-err><![CDATA[]]></system-err>
</testsuite>
